# JRE version: Java(TM) SE Runtime Environment (8.0_271-b09) (build 1.8.0_271-b09)
# Java VM: Java HotSpot(TM) 64-Bit Server VM (25.271-b09 mixed mode windows-amd64 compressed oops)
Heap:
 PSYoungGen      total 407552K, used 53971K [0x000000076ca00000, 0x0000000786700000, 0x00000007c0000000)
  eden space 396288K, 13% used [0x000000076ca00000,0x000000076feb4d20,0x0000000784d00000)
  from space 11264K, 0% used [0x0000000785c00000,0x0000000785c00000,0x0000000786700000)
  to   space 13312K, 0% used [0x0000000784d00000,0x0000000784d00000,0x0000000785a00000)
 ParOldGen       total 104960K, used 21263K [0x00000006c5e00000, 0x00000006cc480000, 0x000000076ca00000)
  object space 104960K, 20% used [0x00000006c5e00000,0x00000006c72c3ce8,0x00000006cc480000)
 Metaspace       used 54784K, capacity 56970K, committed 57472K, reserved 1116160K
  class space    used 7768K, capacity 8174K, committed 8320K, reserved 1048576K
GC Heap History (10 events):
Event: 15.961 GC heap before
{Heap before GC invocations=36 (full 14):
 PSYoungGen      total 406528K, used 32K [0x000000076ca00000, 0x0000000786a00000, 0x00000007c0000000)
  eden space 391168K, 0% used [0x000000076ca00000,0x000000076ca00000,0x0000000784800000)
  from space 15360K, 0% used [0x0000000785b00000,0x0000000785b08000,0x0000000786a00000)
  to   space 17408K, 0% used [0x0000000784800000,0x0000000784800000,0x0000000785900000)
 ParOldGen       total 104960K, used 19179K [0x00000006c5e00000, 0x00000006cc480000, 0x000000076ca00000)
  object space 104960K, 18% used [0x00000006c5e00000,0x00000006c70bac88,0x00000006cc480000)
 Metaspace       used 50683K, capacity 52754K, committed 53248K, reserved 1114112K
  class space    used 7105K, capacity 7514K, committed 7680K, reserved 1048576K
Event: 16.001 GC heap after
Heap after GC invocations=36 (full 14):
 PSYoungGen      total 406528K, used 0K [0x000000076ca00000, 0x0000000786a00000, 0x00000007c0000000)
  eden space 391168K, 0% used [0x000000076ca00000,0x000000076ca00000,0x0000000784800000)
  from space 15360K, 0% used [0x0000000785b00000,0x0000000785b00000,0x0000000786a00000)
  to   space 17408K, 0% used [0x0000000784800000,0x0000000784800000,0x0000000785900000)
 ParOldGen       total 104960K, used 19070K [0x00000006c5e00000, 0x00000006cc480000, 0x000000076ca00000)
  object space 104960K, 18% used [0x00000006c5e00000,0x00000006c709f920,0x00000006cc480000)
 Metaspace       used 50683K, capacity 52754K, committed 53248K, reserved 1110016K
  class space    used 7105K, capacity 7514K, committed 7680K, reserved 1048576K
}
Event: 16.001 GC heap before
{Heap before GC invocations=37 (full 14):
 PSYoungGen      total 406528K, used 0K [0x000000076ca00000, 0x0000000786a00000, 0x00000007c0000000)
  eden space 391168K, 0% used [0x000000076ca00000,0x000000076ca00000,0x0000000784800000)
  from space 15360K, 0% used [0x0000000785b00000,0x0000000785b00000,0x0000000786a00000)
  to   space 17408K, 0% used [0x0000000784800000,0x0000000784800000,0x0000000785900000)
 ParOldGen       total 104960K, used 19070K [0x00000006c5e00000, 0x00000006cc480000, 0x000000076ca00000)
  object space 104960K, 18% used [0x00000006c5e00000,0x00000006c709f920,0x00000006cc480000)
 Metaspace       used 50683K, capacity 52754K, committed 53248K, reserved 1114112K
  class space    used 7105K, capacity 7514K, committed 7680K, reserved 1048576K
Event: 16.003 GC heap after
Heap after GC invocations=37 (full 14):
 PSYoungGen      total 408576K, used 0K [0x000000076ca00000, 0x0000000786980000, 0x00000007c0000000)
  eden space 391168K, 0% used [0x000000076ca00000,0x000000076ca00000,0x0000000784800000)
  from space 17408K, 0% used [0x0000000784800000,0x0000000784800000,0x0000000785900000)
  to   space 13824K, 0% used [0x0000000785c00000,0x0000000785c00000,0x0000000786980000)
 ParOldGen       total 104960K, used 19070K [0x00000006c5e00000, 0x00000006cc480000, 0x000000076ca00000)
  object space 104960K, 18% used [0x00000006c5e00000,0x00000006c709f920,0x00000006cc480000)
 Metaspace       used 50683K, capacity 52754K, committed 53248K, reserved 1114112K
  class space    used 7105K, capacity 7514K, committed 7680K, reserved 1048576K
}
Event: 16.003 GC heap before
{Heap before GC invocations=38 (full 15):
 PSYoungGen      total 408576K, used 0K [0x000000076ca00000, 0x0000000786980000, 0x00000007c0000000)
  eden space 391168K, 0% used [0x000000076ca00000,0x000000076ca00000,0x0000000784800000)
  from space 17408K, 0% used [0x0000000784800000,0x0000000784800000,0x0000000785900000)
  to   space 13824K, 0% used [0x0000000785c00000,0x0000000785c00000,0x0000000786980000)
 ParOldGen       total 104960K, used 19070K [0x00000006c5e00000, 0x00000006cc480000, 0x000000076ca00000)
  object space 104960K, 18% used [0x00000006c5e00000,0x00000006c709f920,0x00000006cc480000)
 Metaspace       used 50683K, capacity 52754K, committed 53248K, reserved 1114112K
  class space    used 7105K, capacity 7514K, committed 7680K, reserved 1048576K
Event: 16.160 GC heap after
Heap after GC invocations=38 (full 15):
 PSYoungGen      total 408576K, used 0K [0x000000076ca00000, 0x0000000786980000, 0x00000007c0000000)
  eden space 391168K, 0% used [0x000000076ca00000,0x000000076ca00000,0x0000000784800000)
  from space 17408K, 0% used [0x0000000784800000,0x0000000784800000,0x0000000785900000)
  to   space 13824K, 0% used [0x0000000785c00000,0x0000000785c00000,0x0000000786980000)
 ParOldGen       total 104960K, used 18711K [0x00000006c5e00000, 0x00000006cc480000, 0x000000076ca00000)
  object space 104960K, 17% used [0x00000006c5e00000,0x00000006c7045c20,0x00000006cc480000)
 Metaspace       used 50683K, capacity 52754K, committed 53248K, reserved 1110016K
  class space    used 7105K, capacity 7514K, committed 7680K, reserved 1048576K
}
Event: 16.639 GC heap before
{Heap before GC invocations=39 (full 15):
 PSYoungGen      total 408576K, used 116493K [0x000000076ca00000, 0x0000000786980000, 0x00000007c0000000)
  eden space 391168K, 29% used [0x000000076ca00000,0x0000000773bc3488,0x0000000784800000)
  from space 17408K, 0% used [0x0000000784800000,0x0000000784800000,0x0000000785900000)
  to   space 13824K, 0% used [0x0000000785c00000,0x0000000785c00000,0x0000000786980000)
 ParOldGen       total 104960K, used 18711K [0x00000006c5e00000, 0x00000006cc480000, 0x000000076ca00000)
  object space 104960K, 17% used [0x00000006c5e00000,0x00000006c7045c20,0x00000006cc480000)
 Metaspace       used 53564K, capacity 55650K, committed 56064K, reserved 1118208K
  class space    used 7619K, capacity 8018K, committed 8192K, reserved 1048576K
Event: 16.643 GC heap after
Heap after GC invocations=39 (full 15):
 PSYoungGen      total 407552K, used 3844K [0x000000076ca00000, 0x0000000786700000, 0x00000007c0000000)
  eden space 396288K, 0% used [0x000000076ca00000,0x000000076ca00000,0x0000000784d00000)
  from space 11264K, 34% used [0x0000000785c00000,0x0000000785fc12b8,0x0000000786700000)
  to   space 13312K, 0% used [0x0000000784d00000,0x0000000784d00000,0x0000000785a00000)
 ParOldGen       total 104960K, used 18711K [0x00000006c5e00000, 0x00000006cc480000, 0x000000076ca00000)
  object space 104960K, 17% used [0x00000006c5e00000,0x00000006c7045c20,0x00000006cc480000)
 Metaspace       used 53564K, capacity 55650K, committed 56064K, reserved 1118208K
  class space    used 7619K, capacity 8018K, committed 8192K, reserved 1048576K
}
Event: 16.643 GC heap before
{Heap before GC invocations=40 (full 16):
 PSYoungGen      total 407552K, used 3844K [0x000000076ca00000, 0x0000000786700000, 0x00000007c0000000)
  eden space 396288K, 0% used [0x000000076ca00000,0x000000076ca00000,0x0000000784d00000)
  from space 11264K, 34% used [0x0000000785c00000,0x0000000785fc12b8,0x0000000786700000)
  to   space 13312K, 0% used [0x0000000784d00000,0x0000000784d00000,0x0000000785a00000)
 ParOldGen       total 104960K, used 18711K [0x00000006c5e00000, 0x00000006cc480000, 0x000000076ca00000)
  object space 104960K, 17% used [0x00000006c5e00000,0x00000006c7045c20,0x00000006cc480000)
 Metaspace       used 53564K, capacity 55650K, committed 56064K, reserved 1118208K
  class space    used 7619K, capacity 8018K, committed 8192K, reserved 1048576K
Event: 16.742 GC heap after
Heap after GC invocations=40 (full 16):
 PSYoungGen      total 407552K, used 0K [0x000000076ca00000, 0x0000000786700000, 0x00000007c0000000)
  eden space 396288K, 0% used [0x000000076ca00000,0x000000076ca00000,0x0000000784d00000)
  from space 11264K, 0% used [0x0000000785c00000,0x0000000785c00000,0x0000000786700000)
  to   space 13312K, 0% used [0x0000000784d00000,0x0000000784d00000,0x0000000785a00000)
 ParOldGen       total 104960K, used 21263K [0x00000006c5e00000, 0x00000006cc480000, 0x000000076ca00000)
  object space 104960K, 20% used [0x00000006c5e00000,0x00000006c72c3ce8,0x00000006cc480000)
 Metaspace       used 53564K, capacity 55650K, committed 56064K, reserved 1116160K
  class space    used 7619K, capacity 8018K, committed 8192K, reserved 1048576K
}

