# JRE version: Java(TM) SE Runtime Environment (8.0_271-b09) (build 1.8.0_271-b09)
# Java VM: Java HotSpot(TM) 64-Bit Server VM (25.271-b09 mixed mode windows-amd64 compressed oops)
Heap:
 PSYoungGen      total 481280K, used 149339K [0x000000076ca00000, 0x000000078b700000, 0x00000007c0000000)
  eden space 462848K, 32% used [0x000000076ca00000,0x0000000775bd6c18,0x0000000788e00000)
  from space 18432K, 0% used [0x000000078a500000,0x000000078a500000,0x000000078b700000)
  to   space 4608K, 0% used [0x0000000789e00000,0x0000000789e00000,0x000000078a280000)
 ParOldGen       total 74752K, used 22907K [0x00000006c5e00000, 0x00000006ca700000, 0x000000076ca00000)
  object space 74752K, 30% used [0x00000006c5e00000,0x00000006c745ee08,0x00000006ca700000)
 Metaspace       used 54840K, capacity 57127K, committed 57468K, reserved 1112064K
  class space    used 7794K, capacity 8223K, committed 8320K, reserved 1048576K
GC Heap History (10 events):
Event: 17.282 GC heap before
{Heap before GC invocations=14 (full 4):
 PSYoungGen      total 374272K, used 11545K [0x000000076ca00000, 0x000000078c200000, 0x00000007c0000000)
  eden space 362496K, 0% used [0x000000076ca00000,0x000000076ca00000,0x0000000782c00000)
  from space 11776K, 98% used [0x000000078b680000,0x000000078c1c6748,0x000000078c200000)
  to   space 18432K, 0% used [0x0000000789e00000,0x0000000789e00000,0x000000078b000000)
 ParOldGen       total 74752K, used 19445K [0x00000006c5e00000, 0x00000006ca700000, 0x000000076ca00000)
  object space 74752K, 26% used [0x00000006c5e00000,0x00000006c70fd5d8,0x00000006ca700000)
 Metaspace       used 45507K, capacity 47642K, committed 47868K, reserved 1095680K
  class space    used 6373K, capacity 6792K, committed 6912K, reserved 1048576K
Event: 17.400 GC heap after
Heap after GC invocations=14 (full 4):
 PSYoungGen      total 374272K, used 0K [0x000000076ca00000, 0x000000078c200000, 0x00000007c0000000)
  eden space 362496K, 0% used [0x000000076ca00000,0x000000076ca00000,0x0000000782c00000)
  from space 11776K, 0% used [0x000000078b680000,0x000000078b680000,0x000000078c200000)
  to   space 18432K, 0% used [0x0000000789e00000,0x0000000789e00000,0x000000078b000000)
 ParOldGen       total 74752K, used 28963K [0x00000006c5e00000, 0x00000006ca700000, 0x000000076ca00000)
  object space 74752K, 38% used [0x00000006c5e00000,0x00000006c7a48c58,0x00000006ca700000)
 Metaspace       used 45507K, capacity 47642K, committed 47868K, reserved 1093632K
  class space    used 6373K, capacity 6792K, committed 6912K, reserved 1048576K
}
Event: 17.835 GC heap before
{Heap before GC invocations=15 (full 4):
 PSYoungGen      total 374272K, used 85595K [0x000000076ca00000, 0x000000078c200000, 0x00000007c0000000)
  eden space 362496K, 23% used [0x000000076ca00000,0x0000000771d96c78,0x0000000782c00000)
  from space 11776K, 0% used [0x000000078b680000,0x000000078b680000,0x000000078c200000)
  to   space 18432K, 0% used [0x0000000789e00000,0x0000000789e00000,0x000000078b000000)
 ParOldGen       total 74752K, used 28963K [0x00000006c5e00000, 0x00000006ca700000, 0x000000076ca00000)
  object space 74752K, 38% used [0x00000006c5e00000,0x00000006c7a48c58,0x00000006ca700000)
 Metaspace       used 49563K, capacity 51730K, committed 51964K, reserved 1107968K
  class space    used 6934K, capacity 7340K, committed 7424K, reserved 1048576K
Event: 17.841 GC heap after
Heap after GC invocations=15 (full 4):
 PSYoungGen      total 467456K, used 4566K [0x000000076ca00000, 0x000000078b700000, 0x00000007c0000000)
  eden space 462848K, 0% used [0x000000076ca00000,0x000000076ca00000,0x0000000788e00000)
  from space 4608K, 99% used [0x0000000789e00000,0x000000078a275b38,0x000000078a280000)
  to   space 18432K, 0% used [0x000000078a500000,0x000000078a500000,0x000000078b700000)
 ParOldGen       total 74752K, used 28971K [0x00000006c5e00000, 0x00000006ca700000, 0x000000076ca00000)
  object space 74752K, 38% used [0x00000006c5e00000,0x00000006c7a4ac58,0x00000006ca700000)
 Metaspace       used 49563K, capacity 51730K, committed 51964K, reserved 1107968K
  class space    used 6934K, capacity 7340K, committed 7424K, reserved 1048576K
}
Event: 17.841 GC heap before
{Heap before GC invocations=16 (full 5):
 PSYoungGen      total 467456K, used 4566K [0x000000076ca00000, 0x000000078b700000, 0x00000007c0000000)
  eden space 462848K, 0% used [0x000000076ca00000,0x000000076ca00000,0x0000000788e00000)
  from space 4608K, 99% used [0x0000000789e00000,0x000000078a275b38,0x000000078a280000)
  to   space 18432K, 0% used [0x000000078a500000,0x000000078a500000,0x000000078b700000)
 ParOldGen       total 74752K, used 28971K [0x00000006c5e00000, 0x00000006ca700000, 0x000000076ca00000)
  object space 74752K, 38% used [0x00000006c5e00000,0x00000006c7a4ac58,0x00000006ca700000)
 Metaspace       used 49563K, capacity 51730K, committed 51964K, reserved 1107968K
  class space    used 6934K, capacity 7340K, committed 7424K, reserved 1048576K
Event: 17.885 GC heap after
Heap after GC invocations=16 (full 5):
 PSYoungGen      total 467456K, used 0K [0x000000076ca00000, 0x000000078b700000, 0x00000007c0000000)
  eden space 462848K, 0% used [0x000000076ca00000,0x000000076ca00000,0x0000000788e00000)
  from space 4608K, 0% used [0x0000000789e00000,0x0000000789e00000,0x000000078a280000)
  to   space 18432K, 0% used [0x000000078a500000,0x000000078a500000,0x000000078b700000)
 ParOldGen       total 74752K, used 25951K [0x00000006c5e00000, 0x00000006ca700000, 0x000000076ca00000)
  object space 74752K, 34% used [0x00000006c5e00000,0x00000006c7757fa0,0x00000006ca700000)
 Metaspace       used 49563K, capacity 51730K, committed 51964K, reserved 1105920K
  class space    used 6934K, capacity 7340K, committed 7424K, reserved 1048576K
}
Event: 17.904 GC heap before
{Heap before GC invocations=17 (full 5):
 PSYoungGen      total 467456K, used 13175K [0x000000076ca00000, 0x000000078b700000, 0x00000007c0000000)
  eden space 462848K, 2% used [0x000000076ca00000,0x000000076d6ddda8,0x0000000788e00000)
  from space 4608K, 0% used [0x0000000789e00000,0x0000000789e00000,0x000000078a280000)
  to   space 18432K, 0% used [0x000000078a500000,0x000000078a500000,0x000000078b700000)
 ParOldGen       total 74752K, used 25951K [0x00000006c5e00000, 0x00000006ca700000, 0x000000076ca00000)
  object space 74752K, 34% used [0x00000006c5e00000,0x00000006c7757fa0,0x00000006ca700000)
 Metaspace       used 49775K, capacity 51968K, committed 52348K, reserved 1110016K
  class space    used 6950K, capacity 7375K, committed 7552K, reserved 1048576K
Event: 17.906 GC heap after
Heap after GC invocations=17 (full 5):
 PSYoungGen      total 481280K, used 566K [0x000000076ca00000, 0x000000078b700000, 0x00000007c0000000)
  eden space 462848K, 0% used [0x000000076ca00000,0x000000076ca00000,0x0000000788e00000)
  from space 18432K, 3% used [0x000000078a500000,0x000000078a58daa0,0x000000078b700000)
  to   space 4608K, 0% used [0x0000000789e00000,0x0000000789e00000,0x000000078a280000)
 ParOldGen       total 74752K, used 25959K [0x00000006c5e00000, 0x00000006ca700000, 0x000000076ca00000)
  object space 74752K, 34% used [0x00000006c5e00000,0x00000006c7759fa0,0x00000006ca700000)
 Metaspace       used 49775K, capacity 51968K, committed 52348K, reserved 1110016K
  class space    used 6950K, capacity 7375K, committed 7552K, reserved 1048576K
}
Event: 17.906 GC heap before
{Heap before GC invocations=18 (full 6):
 PSYoungGen      total 481280K, used 566K [0x000000076ca00000, 0x000000078b700000, 0x00000007c0000000)
  eden space 462848K, 0% used [0x000000076ca00000,0x000000076ca00000,0x0000000788e00000)
  from space 18432K, 3% used [0x000000078a500000,0x000000078a58daa0,0x000000078b700000)
  to   space 4608K, 0% used [0x0000000789e00000,0x0000000789e00000,0x000000078a280000)
 ParOldGen       total 74752K, used 25959K [0x00000006c5e00000, 0x00000006ca700000, 0x000000076ca00000)
  object space 74752K, 34% used [0x00000006c5e00000,0x00000006c7759fa0,0x00000006ca700000)
 Metaspace       used 49775K, capacity 51968K, committed 52348K, reserved 1110016K
  class space    used 6950K, capacity 7375K, committed 7552K, reserved 1048576K
Event: 17.964 GC heap after
Heap after GC invocations=18 (full 6):
 PSYoungGen      total 481280K, used 0K [0x000000076ca00000, 0x000000078b700000, 0x00000007c0000000)
  eden space 462848K, 0% used [0x000000076ca00000,0x000000076ca00000,0x0000000788e00000)
  from space 18432K, 0% used [0x000000078a500000,0x000000078a500000,0x000000078b700000)
  to   space 4608K, 0% used [0x0000000789e00000,0x0000000789e00000,0x000000078a280000)
 ParOldGen       total 74752K, used 22907K [0x00000006c5e00000, 0x00000006ca700000, 0x000000076ca00000)
  object space 74752K, 30% used [0x00000006c5e00000,0x00000006c745ee08,0x00000006ca700000)
 Metaspace       used 49775K, capacity 51968K, committed 52348K, reserved 1107968K
  class space    used 6950K, capacity 7375K, committed 7552K, reserved 1048576K
}

